
simple2.elf:     file format elf32-littleriscv


Disassembly of section .text:

00000000 <_start>:
   0:	00010137          	lui	sp,0x10
   4:	ffc10113          	addi	sp,sp,-4 # fffc <_fstack>
   8:	00c000ef          	jal	ra,14 <main>

0000000c <Exit>:
   c:	00a00893          	li	a7,10
  10:	00000073          	ecall

00000014 <main>:
  14:	fe010113          	addi	sp,sp,-32
  18:	00812e23          	sw	s0,28(sp)
  1c:	02010413          	addi	s0,sp,32
  20:	00500893          	li	a7,5
  24:	00088793          	mv	a5,a7
  28:	fef42623          	sw	a5,-20(s0)
  2c:	00f00893          	li	a7,15
  30:	00088793          	mv	a5,a7
  34:	fef42423          	sw	a5,-24(s0)
  38:	fec42703          	lw	a4,-20(s0)
  3c:	fe842783          	lw	a5,-24(s0)
  40:	00f707b3          	add	a5,a4,a5
  44:	fef42423          	sw	a5,-24(s0)
  48:	00100893          	li	a7,1
  4c:	00078513          	mv	a0,a5
  50:	fef42423          	sw	a5,-24(s0)
  54:	00000073          	ecall
  58:	00000793          	li	a5,0
  5c:	00078513          	mv	a0,a5
  60:	01c12403          	lw	s0,28(sp)
  64:	02010113          	addi	sp,sp,32
  68:	00008067          	ret
