
simple4.elf:     file format elf32-littleriscv


Disassembly of section .text:

00000000 <_start>:
   0:	00010137          	lui	sp,0x10
   4:	ffc10113          	addi	sp,sp,-4 # fffc <_fstack>
   8:	03c000ef          	jal	ra,44 <main>

0000000c <Exit>:
   c:	00a00893          	li	a7,10
  10:	00000073          	ecall

00000014 <printInt>:
  14:	fe010113          	addi	sp,sp,-32
  18:	00812e23          	sw	s0,28(sp)
  1c:	02010413          	addi	s0,sp,32
  20:	fea42623          	sw	a0,-20(s0)
  24:	00100893          	li	a7,1
  28:	00078513          	mv	a0,a5
  2c:	00000073          	ecall
  30:	fef42623          	sw	a5,-20(s0)
  34:	00000013          	nop
  38:	01c12403          	lw	s0,28(sp)
  3c:	02010113          	addi	sp,sp,32
  40:	00008067          	ret

00000044 <main>:
  44:	fe010113          	addi	sp,sp,-32
  48:	00112e23          	sw	ra,28(sp)
  4c:	00812c23          	sw	s0,24(sp)
  50:	02010413          	addi	s0,sp,32
  54:	03200793          	li	a5,50
  58:	fef42423          	sw	a5,-24(s0)
  5c:	fe042223          	sw	zero,-28(s0)
  60:	fe042623          	sw	zero,-20(s0)
  64:	0200006f          	j	84 <main+0x40>
  68:	fe442703          	lw	a4,-28(s0)
  6c:	fec42783          	lw	a5,-20(s0)
  70:	00f707b3          	add	a5,a4,a5
  74:	fef42223          	sw	a5,-28(s0)
  78:	fec42783          	lw	a5,-20(s0)
  7c:	00178793          	addi	a5,a5,1
  80:	fef42623          	sw	a5,-20(s0)
  84:	fe842783          	lw	a5,-24(s0)
  88:	fec42703          	lw	a4,-20(s0)
  8c:	fce7dee3          	ble	a4,a5,68 <main+0x24>
  90:	fe442783          	lw	a5,-28(s0)
  94:	00078513          	mv	a0,a5
  98:	f7dff0ef          	jal	ra,14 <printInt>
  9c:	00000793          	li	a5,0
  a0:	00078513          	mv	a0,a5
  a4:	01c12083          	lw	ra,28(sp)
  a8:	01812403          	lw	s0,24(sp)
  ac:	02010113          	addi	sp,sp,32
  b0:	00008067          	ret
