
simple3.elf:     file format elf32-littleriscv


Disassembly of section .text:

00000000 <_start>:
   0:	00010137          	lui	sp,0x10
   4:	ffc10113          	addi	sp,sp,-4 # fffc <_fstack>
   8:	00c000ef          	jal	ra,14 <main>

0000000c <Exit>:
   c:	00a00893          	li	a7,10
  10:	00000073          	ecall

00000014 <main>:
  14:	fe010113          	addi	sp,sp,-32
  18:	00812e23          	sw	s0,28(sp)
  1c:	02010413          	addi	s0,sp,32
  20:	00a00793          	li	a5,10
  24:	fef42623          	sw	a5,-20(s0)
  28:	01400793          	li	a5,20
  2c:	fef42423          	sw	a5,-24(s0)
  30:	fec42703          	lw	a4,-20(s0)
  34:	00070793          	mv	a5,a4
  38:	00279793          	slli	a5,a5,0x2
  3c:	00e787b3          	add	a5,a5,a4
  40:	fef42423          	sw	a5,-24(s0)
  44:	00100893          	li	a7,1
  48:	00078513          	mv	a0,a5
  4c:	00000073          	ecall
  50:	fef42423          	sw	a5,-24(s0)
  54:	00000793          	li	a5,0
  58:	00078513          	mv	a0,a5
  5c:	01c12403          	lw	s0,28(sp)
  60:	02010113          	addi	sp,sp,32
  64:	00008067          	ret
